<?xml version="1.0" encoding="UTF-8" standalone="yes"?>
<testsuite name="jqassistant.Group_jqassistant-plugin-maven_Default" tests="6" failures="0" errors="0" time="0.0">
    <testcase name="Constraint_jqassistant-plugin-maven_ParentProjectMustDefineUrl" time="0.0" classname="jqassistant.Group_jqassistant-plugin-maven_Default"/>
    <testcase name="Constraint_jqassistant-plugin-maven_GroupId" time="0.0" classname="jqassistant.Group_jqassistant-plugin-maven_Default"/>
    <testcase name="Constraint_jqassistant-plugin-maven_ParentProjectMustDefineScmSection" time="0.0" classname="jqassistant.Group_jqassistant-plugin-maven_Default"/>
    <testcase name="Concept_jqassistant-plugin-maven_ParentProject" time="0.0" classname="jqassistant.Group_jqassistant-plugin-maven_Default"/>
    <testcase name="Constraint_jqassistant-plugin-maven_MavenModulesMustUseParentGroupId" time="0.0" classname="jqassistant.Group_jqassistant-plugin-maven_Default"/>
    <testcase name="Constraint_jqassistant-plugin-maven_ParentProjectMustDefineDeveloper" time="0.0" classname="jqassistant.Group_jqassistant-plugin-maven_Default"/>
</testsuite>
